Arguments: 
  C:\Program Files\nodejs\node.exe C:\Program Files (x86)\Yarn\bin\yarn.js add webext-redux

PATH: 
  C:\Users\TAACOMI8\Downloads\cmder\bin;C:\Users\TAACOMI8\Downloads\cmder\vendor\bin;C:\Users\TAACOMI8\Downloads\cmder\vendor\conemu-maximus5\ConEmu\Scripts;C:\Users\TAACOMI8\Downloads\cmder\vendor\conemu-maximus5;C:\Users\TAACOMI8\Downloads\cmder\vendor\conemu-maximus5\ConEmu;C:\Program Files\Docker\Docker\Resources\bin;C:\ProgramData\Boxstarter;C:\Windows\system32;C:\Windows;C:\Windows\System32\Wbem;C:\Windows\System32\WindowsPowerShell\v1.0\;C:\Program Files\nodejs\;C:\ProgramData\chocolatey\bin;C:\Program Files\Git\cmd;C:\Gradle\gradle-5.0\bin;C:\Program Files\MySQL\MySQL Server 8.0\bin;C:\Program Files\MySQL\MySQL Utilities 1.6\;C:\Program Files\Cloud Foundry;C:\Program Files\Java\jdk-11.0.1\bin;C:\Program Files\Java\jdk-11.0.1\bin;C:\Program Files (x86)\Common Files\Oracle\Java\javapath;C:\Program Files\MySQL\MySQL Server 5.7\bin;C:\Program Files\dotnet\;C:\WINDOWS\system32;C:\WINDOWS;C:\WINDOWS\System32\Wbem;C:\WINDOWS\System32\WindowsPowerShell\v1.0\;C:\WINDOWS\System32\OpenSSH\;C:\Program Files (x86)\Yarn\bin\;C:\Program Files\PuTTY\;C:\Users\TAACOMI8\AppData\Local\Microsoft\WindowsApps;C:\Users\TAACOMI8\AppData\Local\Programs\Microsoft VS Code\bin;C:\Users\TAACOMI8\AppData\Roaming\npm;C:\Users\TAACOMI8\AppData\Local\Microsoft\WindowsApps;C:\Users\TAACOMI8\AppData\Local\Yarn\bin;C:\Users\TAACOMI8\.dotnet\tools;C:\Program Files\Git\cmd;C:\Program Files\Git\mingw32\bin;C:\Program Files\Git\usr\bin;C:\Users\TAACOMI8\Downloads\cmder

Yarn version: 
  1.15.2

Node version: 
  10.13.0

Platform: 
  win32 x64

Trace: 
  Error: connect ECONNREFUSED 104.16.26.35:443
      at TCPConnectWrap.afterConnect [as oncomplete] (net.js:1113:14)

npm manifest: 
  {
    "name": "chrome-extension-webpack",
    "version": "0.0.1",
    "description": "A chrome extension boilerplate built with React 16 and Webpack 4",
    "license": "MIT",
    "repository": {
      "type": "git",
      "url": "https://github.com/lxieyang/chrome-extension-webpack-boilerplate-with-react-16.git"
    },
    "scripts": {
      "build": "node utils/build.js",
      "start": "node utils/webserver.js",
      "prettier": "prettier --write '**/*.{js,jsx,css,html}'"
    },
    "dependencies": {
      "@hot-loader/react-dom": "^16.8.6",
      "react": "^16.8.6",
      "react-dom": "^16.8.6",
      "react-hot-loader": "^4.12.8"
    },
    "devDependencies": {
      "@babel/core": "^7.1.5",
      "@babel/plugin-proposal-class-properties": "^7.5.5",
      "@babel/preset-env": "^7.5.5",
      "@babel/preset-react": "^7.0.0",
      "babel-eslint": "^9.0.0",
      "babel-loader": "8.0.5",
      "babel-preset-react-app": "^9.0.0",
      "clean-webpack-plugin": "^3.0.0",
      "copy-webpack-plugin": "^5.0.3",
      "css-loader": "2.1.0",
      "eslint": "^5.16.0",
      "eslint-config-react-app": "^4.0.1",
      "eslint-plugin-flowtype": "^2.50.3",
      "eslint-plugin-import": "^2.18.2",
      "eslint-plugin-jsx-a11y": "^6.2.3",
      "eslint-plugin-react": "^7.14.2",
      "eslint-plugin-react-hooks": "^1.5.0",
      "file-loader": "3.0.1",
      "fs-extra": "7.0.1",
      "html-loader": "0.5.5",
      "html-webpack-plugin": "3.2.0",
      "prettier": "1.18.2",
      "style-loader": "^0.23.1",
      "webpack": "^4.36.1",
      "webpack-cli": "^3.3.6",
      "webpack-dev-server": "^3.2.1",
      "write-file-webpack-plugin": "4.5.0"
    }
  }

yarn manifest: 
  No manifest

Lockfile: 
  No lockfile
